{"name":"Log","hostname":"ip-172-31-29-68","pid":6613,"level":30,"msg":"Creating table: posts ","time":"2018-07-02T05:58:34.599Z","v":0}
{"name":"Log","hostname":"ip-172-31-29-68","pid":6613,"level":30,"msg":"Creating table: users ","time":"2018-07-02T05:58:34.660Z","v":0}
{"name":"Log","hostname":"ip-172-31-29-68","pid":6613,"level":30,"msg":"Creating table: posts_authors ","time":"2018-07-02T05:58:34.729Z","v":0}
{"name":"Log","hostname":"ip-172-31-29-68","pid":6613,"level":30,"msg":"Creating table: roles ","time":"2018-07-02T05:58:34.835Z","v":0}
{"name":"Log","hostname":"ip-172-31-29-68","pid":6613,"level":30,"msg":"Creating table: roles_users ","time":"2018-07-02T05:58:34.885Z","v":0}
{"name":"Log","hostname":"ip-172-31-29-68","pid":6613,"level":30,"msg":"Creating table: permissions ","time":"2018-07-02T05:58:34.923Z","v":0}
{"name":"Log","hostname":"ip-172-31-29-68","pid":6613,"level":30,"msg":"Creating table: permissions_users ","time":"2018-07-02T05:58:35.672Z","v":0}
{"name":"Log","hostname":"ip-172-31-29-68","pid":6613,"level":30,"msg":"Creating table: permissions_roles ","time":"2018-07-02T05:58:35.711Z","v":0}
{"name":"Log","hostname":"ip-172-31-29-68","pid":6613,"level":30,"msg":"Creating table: permissions_apps ","time":"2018-07-02T05:58:35.750Z","v":0}
{"name":"Log","hostname":"ip-172-31-29-68","pid":6613,"level":30,"msg":"Creating table: settings ","time":"2018-07-02T05:58:35.790Z","v":0}
{"name":"Log","hostname":"ip-172-31-29-68","pid":6613,"level":30,"msg":"Creating table: tags ","time":"2018-07-02T05:58:35.842Z","v":0}
{"name":"Log","hostname":"ip-172-31-29-68","pid":6613,"level":30,"msg":"Creating table: posts_tags ","time":"2018-07-02T05:58:35.894Z","v":0}
{"name":"Log","hostname":"ip-172-31-29-68","pid":6613,"level":30,"msg":"Creating table: apps ","time":"2018-07-02T05:58:35.995Z","v":0}
{"name":"Log","hostname":"ip-172-31-29-68","pid":6613,"level":30,"msg":"Creating table: app_settings ","time":"2018-07-02T05:58:36.056Z","v":0}
{"name":"Log","hostname":"ip-172-31-29-68","pid":6613,"level":30,"msg":"Creating table: app_fields ","time":"2018-07-02T05:58:36.139Z","v":0}
{"name":"Log","hostname":"ip-172-31-29-68","pid":6613,"level":30,"msg":"Creating table: clients ","time":"2018-07-02T05:58:36.208Z","v":0}
{"name":"Log","hostname":"ip-172-31-29-68","pid":6613,"level":30,"msg":"Creating table: client_trusted_domains ","time":"2018-07-02T05:58:36.284Z","v":0}
{"name":"Log","hostname":"ip-172-31-29-68","pid":6613,"level":30,"msg":"Creating table: accesstokens ","time":"2018-07-02T05:58:36.370Z","v":0}
{"name":"Log","hostname":"ip-172-31-29-68","pid":6613,"level":30,"msg":"Creating table: refreshtokens ","time":"2018-07-02T05:58:36.526Z","v":0}
{"name":"Log","hostname":"ip-172-31-29-68","pid":6613,"level":30,"msg":"Creating table: subscribers ","time":"2018-07-02T05:58:36.652Z","v":0}
{"name":"Log","hostname":"ip-172-31-29-68","pid":6613,"level":30,"msg":"Creating table: invites ","time":"2018-07-02T05:58:36.703Z","v":0}
{"name":"Log","hostname":"ip-172-31-29-68","pid":6613,"level":30,"msg":"Creating table: brute ","time":"2018-07-02T05:58:36.762Z","v":0}
{"name":"Log","hostname":"ip-172-31-29-68","pid":6613,"level":30,"msg":"Creating table: webhooks ","time":"2018-07-02T05:58:36.779Z","v":0}
{"name":"Log","hostname":"ip-172-31-29-68","pid":6613,"level":30,"msg":"Model: Tag ","time":"2018-07-02T05:58:36.822Z","v":0}
{"name":"Log","hostname":"ip-172-31-29-68","pid":6613,"level":30,"msg":"Model: Client ","time":"2018-07-02T05:58:36.849Z","v":0}
{"name":"Log","hostname":"ip-172-31-29-68","pid":6613,"level":30,"msg":"Model: Role ","time":"2018-07-02T05:58:36.863Z","v":0}
{"name":"Log","hostname":"ip-172-31-29-68","pid":6613,"level":30,"msg":"Model: Permission ","time":"2018-07-02T05:58:36.879Z","v":0}
{"name":"Log","hostname":"ip-172-31-29-68","pid":6613,"level":30,"msg":"Model: User ","time":"2018-07-02T05:58:37.060Z","v":0}
{"name":"Log","hostname":"ip-172-31-29-68","pid":6613,"level":30,"msg":"Model: Post ","time":"2018-07-02T05:58:37.583Z","v":0}
{"name":"Log","hostname":"ip-172-31-29-68","pid":6613,"level":30,"msg":"Relation: Role to Permission ","time":"2018-07-02T05:58:37.887Z","v":0}
{"name":"Log","hostname":"ip-172-31-29-68","pid":6613,"level":30,"msg":"Relation: Post to Tag ","time":"2018-07-02T05:58:38.099Z","v":0}
{"name":"Log","hostname":"ip-172-31-29-68","pid":6613,"level":30,"msg":"Relation: User to Role ","time":"2018-07-02T05:58:38.143Z","v":0}
